<?xml version="1.0" encoding="UTF-8"?>
<testsuite xmlns:xsi="http://www.w3.org/2001/XMLSchema-instance" xsi:noNamespaceSchemaLocation="https://maven.apache.org/surefire/maven-surefire-plugin/xsd/surefire-test-report.xsd" name="com.example.secondhandmarket.SecondhandmarketApplicationTests" time="7.69" tests="1" errors="0" skipped="0" failures="0">
  <properties>
    <property name="java.specification.version" value="14"/>
    <property name="sun.cpu.isalist" value="amd64"/>
    <property name="sun.jnu.encoding" value="GBK"/>
    <property name="java.class.path" value="E:\IDEA Test\SMH\target\test-classes;E:\IDEA Test\SMH\target\classes;E:\Maven\MavenRepository\mysql\mysql-connector-java\8.0.20\mysql-connector-java-8.0.20.jar;E:\Maven\MavenRepository\org\projectlombok\lombok\1.18.12\lombok-1.18.12.jar;E:\Maven\MavenRepository\org\springframework\boot\spring-boot-starter-web\2.3.0.RELEASE\spring-boot-starter-web-2.3.0.RELEASE.jar;E:\Maven\MavenRepository\org\springframework\boot\spring-boot-starter\2.3.0.RELEASE\spring-boot-starter-2.3.0.RELEASE.jar;E:\Maven\MavenRepository\org\springframework\boot\spring-boot-starter-logging\2.3.0.RELEASE\spring-boot-starter-logging-2.3.0.RELEASE.jar;E:\Maven\MavenRepository\ch\qos\logback\logback-classic\1.2.3\logback-classic-1.2.3.jar;E:\Maven\MavenRepository\ch\qos\logback\logback-core\1.2.3\logback-core-1.2.3.jar;E:\Maven\MavenRepository\org\apache\logging\log4j\log4j-to-slf4j\2.13.2\log4j-to-slf4j-2.13.2.jar;E:\Maven\MavenRepository\org\apache\logging\log4j\log4j-api\2.13.2\log4j-api-2.13.2.jar;E:\Maven\MavenRepository\org\slf4j\jul-to-slf4j\1.7.30\jul-to-slf4j-1.7.30.jar;E:\Maven\MavenRepository\jakarta\annotation\jakarta.annotation-api\1.3.5\jakarta.annotation-api-1.3.5.jar;E:\Maven\MavenRepository\org\yaml\snakeyaml\1.26\snakeyaml-1.26.jar;E:\Maven\MavenRepository\org\springframework\boot\spring-boot-starter-json\2.3.0.RELEASE\spring-boot-starter-json-2.3.0.RELEASE.jar;E:\Maven\MavenRepository\com\fasterxml\jackson\core\jackson-databind\2.11.0\jackson-databind-2.11.0.jar;E:\Maven\MavenRepository\com\fasterxml\jackson\core\jackson-annotations\2.11.0\jackson-annotations-2.11.0.jar;E:\Maven\MavenRepository\com\fasterxml\jackson\core\jackson-core\2.11.0\jackson-core-2.11.0.jar;E:\Maven\MavenRepository\com\fasterxml\jackson\datatype\jackson-datatype-jdk8\2.11.0\jackson-datatype-jdk8-2.11.0.jar;E:\Maven\MavenRepository\com\fasterxml\jackson\datatype\jackson-datatype-jsr310\2.11.0\jackson-datatype-jsr310-2.11.0.jar;E:\Maven\MavenRepository\com\fasterxml\jackson\module\jackson-module-parameter-names\2.11.0\jackson-module-parameter-names-2.11.0.jar;E:\Maven\MavenRepository\org\springframework\boot\spring-boot-starter-tomcat\2.3.0.RELEASE\spring-boot-starter-tomcat-2.3.0.RELEASE.jar;E:\Maven\MavenRepository\org\glassfish\jakarta.el\3.0.3\jakarta.el-3.0.3.jar;E:\Maven\MavenRepository\org\apache\tomcat\embed\tomcat-embed-websocket\9.0.35\tomcat-embed-websocket-9.0.35.jar;E:\Maven\MavenRepository\org\springframework\spring-web\5.2.6.RELEASE\spring-web-5.2.6.RELEASE.jar;E:\Maven\MavenRepository\org\springframework\spring-webmvc\5.2.6.RELEASE\spring-webmvc-5.2.6.RELEASE.jar;E:\Maven\MavenRepository\org\springframework\spring-expression\5.2.6.RELEASE\spring-expression-5.2.6.RELEASE.jar;E:\Maven\MavenRepository\org\springframework\boot\spring-boot-starter-test\2.3.0.RELEASE\spring-boot-starter-test-2.3.0.RELEASE.jar;E:\Maven\MavenRepository\org\springframework\boot\spring-boot-test\2.3.0.RELEASE\spring-boot-test-2.3.0.RELEASE.jar;E:\Maven\MavenRepository\org\springframework\boot\spring-boot-test-autoconfigure\2.3.0.RELEASE\spring-boot-test-autoconfigure-2.3.0.RELEASE.jar;E:\Maven\MavenRepository\com\jayway\jsonpath\json-path\2.4.0\json-path-2.4.0.jar;E:\Maven\MavenRepository\net\minidev\json-smart\2.3\json-smart-2.3.jar;E:\Maven\MavenRepository\net\minidev\accessors-smart\1.2\accessors-smart-1.2.jar;E:\Maven\MavenRepository\org\ow2\asm\asm\5.0.4\asm-5.0.4.jar;E:\Maven\MavenRepository\jakarta\xml\bind\jakarta.xml.bind-api\2.3.3\jakarta.xml.bind-api-2.3.3.jar;E:\Maven\MavenRepository\jakarta\activation\jakarta.activation-api\1.2.2\jakarta.activation-api-1.2.2.jar;E:\Maven\MavenRepository\org\assertj\assertj-core\3.16.1\assertj-core-3.16.1.jar;E:\Maven\MavenRepository\org\hamcrest\hamcrest\2.2\hamcrest-2.2.jar;E:\Maven\MavenRepository\org\junit\jupiter\junit-jupiter\5.6.2\junit-jupiter-5.6.2.jar;E:\Maven\MavenRepository\org\junit\jupiter\junit-jupiter-api\5.6.2\junit-jupiter-api-5.6.2.jar;E:\Maven\MavenRepository\org\apiguardian\apiguardian-api\1.1.0\apiguardian-api-1.1.0.jar;E:\Maven\MavenRepository\org\opentest4j\opentest4j\1.2.0\opentest4j-1.2.0.jar;E:\Maven\MavenRepository\org\junit\platform\junit-platform-commons\1.6.2\junit-platform-commons-1.6.2.jar;E:\Maven\MavenRepository\org\junit\jupiter\junit-jupiter-params\5.6.2\junit-jupiter-params-5.6.2.jar;E:\Maven\MavenRepository\org\junit\jupiter\junit-jupiter-engine\5.6.2\junit-jupiter-engine-5.6.2.jar;E:\Maven\MavenRepository\org\junit\platform\junit-platform-engine\1.6.2\junit-platform-engine-1.6.2.jar;E:\Maven\MavenRepository\org\mockito\mockito-core\3.3.3\mockito-core-3.3.3.jar;E:\Maven\MavenRepository\net\bytebuddy\byte-buddy\1.10.10\byte-buddy-1.10.10.jar;E:\Maven\MavenRepository\net\bytebuddy\byte-buddy-agent\1.10.10\byte-buddy-agent-1.10.10.jar;E:\Maven\MavenRepository\org\objenesis\objenesis\2.6\objenesis-2.6.jar;E:\Maven\MavenRepository\org\mockito\mockito-junit-jupiter\3.3.3\mockito-junit-jupiter-3.3.3.jar;E:\Maven\MavenRepository\org\skyscreamer\jsonassert\1.5.0\jsonassert-1.5.0.jar;E:\Maven\MavenRepository\com\vaadin\external\google\android-json\0.0.20131108.vaadin1\android-json-0.0.20131108.vaadin1.jar;E:\Maven\MavenRepository\org\springframework\spring-core\5.2.6.RELEASE\spring-core-5.2.6.RELEASE.jar;E:\Maven\MavenRepository\org\springframework\spring-jcl\5.2.6.RELEASE\spring-jcl-5.2.6.RELEASE.jar;E:\Maven\MavenRepository\org\springframework\spring-test\5.2.6.RELEASE\spring-test-5.2.6.RELEASE.jar;E:\Maven\MavenRepository\org\xmlunit\xmlunit-core\2.7.0\xmlunit-core-2.7.0.jar;E:\Maven\MavenRepository\org\apache\tomcat\embed\tomcat-embed-jasper\9.0.35\tomcat-embed-jasper-9.0.35.jar;E:\Maven\MavenRepository\org\apache\tomcat\embed\tomcat-embed-core\9.0.35\tomcat-embed-core-9.0.35.jar;E:\Maven\MavenRepository\org\apache\tomcat\tomcat-annotations-api\9.0.35\tomcat-annotations-api-9.0.35.jar;E:\Maven\MavenRepository\org\apache\tomcat\embed\tomcat-embed-el\9.0.35\tomcat-embed-el-9.0.35.jar;E:\Maven\MavenRepository\org\eclipse\jdt\ecj\3.18.0\ecj-3.18.0.jar;E:\Maven\MavenRepository\org\springframework\boot\spring-boot-devtools\2.3.0.RELEASE\spring-boot-devtools-2.3.0.RELEASE.jar;E:\Maven\MavenRepository\org\springframework\boot\spring-boot-starter-data-jpa\2.3.0.RELEASE\spring-boot-starter-data-jpa-2.3.0.RELEASE.jar;E:\Maven\MavenRepository\org\springframework\boot\spring-boot-starter-aop\2.3.0.RELEASE\spring-boot-starter-aop-2.3.0.RELEASE.jar;E:\Maven\MavenRepository\org\aspectj\aspectjweaver\1.9.5\aspectjweaver-1.9.5.jar;E:\Maven\MavenRepository\org\springframework\boot\spring-boot-starter-jdbc\2.3.0.RELEASE\spring-boot-starter-jdbc-2.3.0.RELEASE.jar;E:\Maven\MavenRepository\com\zaxxer\HikariCP\3.4.5\HikariCP-3.4.5.jar;E:\Maven\MavenRepository\org\springframework\spring-jdbc\5.2.6.RELEASE\spring-jdbc-5.2.6.RELEASE.jar;E:\Maven\MavenRepository\jakarta\transaction\jakarta.transaction-api\1.3.3\jakarta.transaction-api-1.3.3.jar;E:\Maven\MavenRepository\jakarta\persistence\jakarta.persistence-api\2.2.3\jakarta.persistence-api-2.2.3.jar;E:\Maven\MavenRepository\org\hibernate\hibernate-core\5.4.15.Final\hibernate-core-5.4.15.Final.jar;E:\Maven\MavenRepository\org\jboss\logging\jboss-logging\3.4.1.Final\jboss-logging-3.4.1.Final.jar;E:\Maven\MavenRepository\org\javassist\javassist\3.24.0-GA\javassist-3.24.0-GA.jar;E:\Maven\MavenRepository\antlr\antlr\2.7.7\antlr-2.7.7.jar;E:\Maven\MavenRepository\org\jboss\jandex\2.1.3.Final\jandex-2.1.3.Final.jar;E:\Maven\MavenRepository\com\fasterxml\classmate\1.5.1\classmate-1.5.1.jar;E:\Maven\MavenRepository\org\dom4j\dom4j\2.1.3\dom4j-2.1.3.jar;E:\Maven\MavenRepository\org\hibernate\common\hibernate-commons-annotations\5.1.0.Final\hibernate-commons-annotations-5.1.0.Final.jar;E:\Maven\MavenRepository\org\glassfish\jaxb\jaxb-runtime\2.3.3\jaxb-runtime-2.3.3.jar;E:\Maven\MavenRepository\org\glassfish\jaxb\txw2\2.3.3\txw2-2.3.3.jar;E:\Maven\MavenRepository\com\sun\istack\istack-commons-runtime\3.0.11\istack-commons-runtime-3.0.11.jar;E:\Maven\MavenRepository\com\sun\activation\jakarta.activation\1.2.2\jakarta.activation-1.2.2.jar;E:\Maven\MavenRepository\org\springframework\spring-aspects\5.2.6.RELEASE\spring-aspects-5.2.6.RELEASE.jar;E:\Maven\MavenRepository\org\springframework\boot\spring-boot-starter-thymeleaf\2.3.0.RELEASE\spring-boot-starter-thymeleaf-2.3.0.RELEASE.jar;E:\Maven\MavenRepository\org\thymeleaf\thymeleaf-spring5\3.0.11.RELEASE\thymeleaf-spring5-3.0.11.RELEASE.jar;E:\Maven\MavenRepository\org\thymeleaf\thymeleaf\3.0.11.RELEASE\thymeleaf-3.0.11.RELEASE.jar;E:\Maven\MavenRepository\org\attoparser\attoparser\2.0.5.RELEASE\attoparser-2.0.5.RELEASE.jar;E:\Maven\MavenRepository\org\unbescape\unbescape\1.1.6.RELEASE\unbescape-1.1.6.RELEASE.jar;E:\Maven\MavenRepository\org\thymeleaf\extras\thymeleaf-extras-java8time\3.0.4.RELEASE\thymeleaf-extras-java8time-3.0.4.RELEASE.jar;E:\Maven\MavenRepository\org\springframework\boot\spring-boot\2.3.0.RELEASE\spring-boot-2.3.0.RELEASE.jar;E:\Maven\MavenRepository\org\springframework\spring-context\5.2.6.RELEASE\spring-context-5.2.6.RELEASE.jar;E:\Maven\MavenRepository\org\springframework\boot\spring-boot-maven-plugin\2.3.0.RELEASE\spring-boot-maven-plugin-2.3.0.RELEASE.jar;E:\Maven\MavenRepository\org\springframework\boot\spring-boot-buildpack-platform\2.3.0.RELEASE\spring-boot-buildpack-platform-2.3.0.RELEASE.jar;E:\Maven\MavenRepository\net\java\dev\jna\jna-platform\5.5.0\jna-platform-5.5.0.jar;E:\Maven\MavenRepository\net\java\dev\jna\jna\5.5.0\jna-5.5.0.jar;E:\Maven\MavenRepository\org\apache\commons\commons-compress\1.19\commons-compress-1.19.jar;E:\Maven\MavenRepository\org\apache\httpcomponents\httpclient\4.5.12\httpclient-4.5.12.jar;E:\Maven\MavenRepository\org\apache\httpcomponents\httpcore\4.4.13\httpcore-4.4.13.jar;E:\Maven\MavenRepository\commons-codec\commons-codec\1.14\commons-codec-1.14.jar;E:\Maven\MavenRepository\org\springframework\boot\spring-boot-loader-tools\2.3.0.RELEASE\spring-boot-loader-tools-2.3.0.RELEASE.jar;E:\Maven\MavenRepository\org\apache\maven\shared\maven-common-artifact-filters\3.1.0\maven-common-artifact-filters-3.1.0.jar;E:\Maven\MavenRepository\org\apache\maven\maven-artifact\3.0\maven-artifact-3.0.jar;E:\Maven\MavenRepository\org\apache\maven\maven-model\3.0\maven-model-3.0.jar;E:\Maven\MavenRepository\org\apache\maven\maven-core\3.0\maven-core-3.0.jar;E:\Maven\MavenRepository\org\apache\maven\maven-settings\3.0\maven-settings-3.0.jar;E:\Maven\MavenRepository\org\apache\maven\maven-settings-builder\3.0\maven-settings-builder-3.0.jar;E:\Maven\MavenRepository\org\apache\maven\maven-repository-metadata\3.0\maven-repository-metadata-3.0.jar;E:\Maven\MavenRepository\org\apache\maven\maven-model-builder\3.0\maven-model-builder-3.0.jar;E:\Maven\MavenRepository\org\apache\maven\maven-aether-provider\3.0\maven-aether-provider-3.0.jar;E:\Maven\MavenRepository\org\sonatype\aether\aether-impl\1.7\aether-impl-1.7.jar;E:\Maven\MavenRepository\org\sonatype\aether\aether-spi\1.7\aether-spi-1.7.jar;E:\Maven\MavenRepository\org\sonatype\aether\aether-api\1.7\aether-api-1.7.jar;E:\Maven\MavenRepository\org\sonatype\aether\aether-util\1.7\aether-util-1.7.jar;E:\Maven\MavenRepository\org\codehaus\plexus\plexus-interpolation\1.14\plexus-interpolation-1.14.jar;E:\Maven\MavenRepository\org\codehaus\plexus\plexus-component-annotations\1.5.5\plexus-component-annotations-1.5.5.jar;E:\Maven\MavenRepository\org\sonatype\plexus\plexus-sec-dispatcher\1.3\plexus-sec-dispatcher-1.3.jar;E:\Maven\MavenRepository\org\sonatype\plexus\plexus-cipher\1.4\plexus-cipher-1.4.jar;E:\Maven\MavenRepository\org\sonatype\sisu\sisu-inject-plexus\1.4.2\sisu-inject-plexus-1.4.2.jar;E:\Maven\MavenRepository\org\sonatype\sisu\sisu-inject-bean\1.4.2\sisu-inject-bean-1.4.2.jar;E:\Maven\MavenRepository\org\sonatype\sisu\sisu-guice\2.1.7\sisu-guice-2.1.7-noaop.jar;E:\Maven\MavenRepository\org\apache\maven\shared\maven-shared-utils\3.1.0\maven-shared-utils-3.1.0.jar;E:\Maven\MavenRepository\commons-io\commons-io\2.5\commons-io-2.5.jar;E:\Maven\MavenRepository\org\apache\maven\maven-plugin-api\3.6.3\maven-plugin-api-3.6.3.jar;E:\Maven\MavenRepository\org\eclipse\sisu\org.eclipse.sisu.plexus\0.3.4\org.eclipse.sisu.plexus-0.3.4.jar;E:\Maven\MavenRepository\javax\enterprise\cdi-api\1.0\cdi-api-1.0.jar;E:\Maven\MavenRepository\javax\annotation\jsr250-api\1.0\jsr250-api-1.0.jar;E:\Maven\MavenRepository\javax\inject\javax.inject\1\javax.inject-1.jar;E:\Maven\MavenRepository\org\eclipse\sisu\org.eclipse.sisu.inject\0.3.4\org.eclipse.sisu.inject-0.3.4.jar;E:\Maven\MavenRepository\org\codehaus\plexus\plexus-utils\3.2.1\plexus-utils-3.2.1.jar;E:\Maven\MavenRepository\org\codehaus\plexus\plexus-classworlds\2.6.0\plexus-classworlds-2.6.0.jar;E:\Maven\MavenRepository\org\sonatype\plexus\plexus-build-api\0.0.7\plexus-build-api-0.0.7.jar;E:\Maven\MavenRepository\org\springframework\boot\spring-boot-autoconfigure\2.3.0.RELEASE\spring-boot-autoconfigure-2.3.0.RELEASE.jar;E:\Maven\MavenRepository\org\springframework\data\spring-data-jpa\2.3.0.RELEASE\spring-data-jpa-2.3.0.RELEASE.jar;E:\Maven\MavenRepository\org\springframework\data\spring-data-commons\2.3.0.RELEASE\spring-data-commons-2.3.0.RELEASE.jar;E:\Maven\MavenRepository\org\springframework\spring-orm\5.2.6.RELEASE\spring-orm-5.2.6.RELEASE.jar;E:\Maven\MavenRepository\org\springframework\spring-aop\5.2.6.RELEASE\spring-aop-5.2.6.RELEASE.jar;E:\Maven\MavenRepository\org\springframework\spring-tx\5.2.6.RELEASE\spring-tx-5.2.6.RELEASE.jar;E:\Maven\MavenRepository\org\springframework\spring-beans\5.2.6.RELEASE\spring-beans-5.2.6.RELEASE.jar;E:\Maven\MavenRepository\org\aspectj\aspectjrt\1.9.5\aspectjrt-1.9.5.jar;E:\Maven\MavenRepository\org\slf4j\slf4j-api\1.7.30\slf4j-api-1.7.30.jar;"/>
    <property name="java.vm.vendor" value="Oracle Corporation"/>
    <property name="sun.arch.data.model" value="64"/>
    <property name="user.variant" value=""/>
    <property name="java.vendor.url" value="https://java.oracle.com/"/>
    <property name="user.timezone" value="Asia/Shanghai"/>
    <property name="os.name" value="Windows 10"/>
    <property name="java.vm.specification.version" value="14"/>
    <property name="sun.java.launcher" value="SUN_STANDARD"/>
    <property name="user.country" value="CN"/>
    <property name="sun.boot.library.path" value="C:\Program Files\Java\jdk-14.0.1\bin"/>
    <property name="sun.java.command" value="C:\Users\123\AppData\Local\Temp\surefire10301844468685278321\surefirebooter11526620009598800612.jar C:\Users\123\AppData\Local\Temp\surefire10301844468685278321 2020-05-29T13-41-59_721-jvmRun1 surefire13817767616135355252tmp surefire_015413839026073909563tmp"/>
    <property name="jdk.debug" value="release"/>
    <property name="surefire.test.class.path" value="E:\IDEA Test\SMH\target\test-classes;E:\IDEA Test\SMH\target\classes;E:\Maven\MavenRepository\mysql\mysql-connector-java\8.0.20\mysql-connector-java-8.0.20.jar;E:\Maven\MavenRepository\org\projectlombok\lombok\1.18.12\lombok-1.18.12.jar;E:\Maven\MavenRepository\org\springframework\boot\spring-boot-starter-web\2.3.0.RELEASE\spring-boot-starter-web-2.3.0.RELEASE.jar;E:\Maven\MavenRepository\org\springframework\boot\spring-boot-starter\2.3.0.RELEASE\spring-boot-starter-2.3.0.RELEASE.jar;E:\Maven\MavenRepository\org\springframework\boot\spring-boot-starter-logging\2.3.0.RELEASE\spring-boot-starter-logging-2.3.0.RELEASE.jar;E:\Maven\MavenRepository\ch\qos\logback\logback-classic\1.2.3\logback-classic-1.2.3.jar;E:\Maven\MavenRepository\ch\qos\logback\logback-core\1.2.3\logback-core-1.2.3.jar;E:\Maven\MavenRepository\org\apache\logging\log4j\log4j-to-slf4j\2.13.2\log4j-to-slf4j-2.13.2.jar;E:\Maven\MavenRepository\org\apache\logging\log4j\log4j-api\2.13.2\log4j-api-2.13.2.jar;E:\Maven\MavenRepository\org\slf4j\jul-to-slf4j\1.7.30\jul-to-slf4j-1.7.30.jar;E:\Maven\MavenRepository\jakarta\annotation\jakarta.annotation-api\1.3.5\jakarta.annotation-api-1.3.5.jar;E:\Maven\MavenRepository\org\yaml\snakeyaml\1.26\snakeyaml-1.26.jar;E:\Maven\MavenRepository\org\springframework\boot\spring-boot-starter-json\2.3.0.RELEASE\spring-boot-starter-json-2.3.0.RELEASE.jar;E:\Maven\MavenRepository\com\fasterxml\jackson\core\jackson-databind\2.11.0\jackson-databind-2.11.0.jar;E:\Maven\MavenRepository\com\fasterxml\jackson\core\jackson-annotations\2.11.0\jackson-annotations-2.11.0.jar;E:\Maven\MavenRepository\com\fasterxml\jackson\core\jackson-core\2.11.0\jackson-core-2.11.0.jar;E:\Maven\MavenRepository\com\fasterxml\jackson\datatype\jackson-datatype-jdk8\2.11.0\jackson-datatype-jdk8-2.11.0.jar;E:\Maven\MavenRepository\com\fasterxml\jackson\datatype\jackson-datatype-jsr310\2.11.0\jackson-datatype-jsr310-2.11.0.jar;E:\Maven\MavenRepository\com\fasterxml\jackson\module\jackson-module-parameter-names\2.11.0\jackson-module-parameter-names-2.11.0.jar;E:\Maven\MavenRepository\org\springframework\boot\spring-boot-starter-tomcat\2.3.0.RELEASE\spring-boot-starter-tomcat-2.3.0.RELEASE.jar;E:\Maven\MavenRepository\org\glassfish\jakarta.el\3.0.3\jakarta.el-3.0.3.jar;E:\Maven\MavenRepository\org\apache\tomcat\embed\tomcat-embed-websocket\9.0.35\tomcat-embed-websocket-9.0.35.jar;E:\Maven\MavenRepository\org\springframework\spring-web\5.2.6.RELEASE\spring-web-5.2.6.RELEASE.jar;E:\Maven\MavenRepository\org\springframework\spring-webmvc\5.2.6.RELEASE\spring-webmvc-5.2.6.RELEASE.jar;E:\Maven\MavenRepository\org\springframework\spring-expression\5.2.6.RELEASE\spring-expression-5.2.6.RELEASE.jar;E:\Maven\MavenRepository\org\springframework\boot\spring-boot-starter-test\2.3.0.RELEASE\spring-boot-starter-test-2.3.0.RELEASE.jar;E:\Maven\MavenRepository\org\springframework\boot\spring-boot-test\2.3.0.RELEASE\spring-boot-test-2.3.0.RELEASE.jar;E:\Maven\MavenRepository\org\springframework\boot\spring-boot-test-autoconfigure\2.3.0.RELEASE\spring-boot-test-autoconfigure-2.3.0.RELEASE.jar;E:\Maven\MavenRepository\com\jayway\jsonpath\json-path\2.4.0\json-path-2.4.0.jar;E:\Maven\MavenRepository\net\minidev\json-smart\2.3\json-smart-2.3.jar;E:\Maven\MavenRepository\net\minidev\accessors-smart\1.2\accessors-smart-1.2.jar;E:\Maven\MavenRepository\org\ow2\asm\asm\5.0.4\asm-5.0.4.jar;E:\Maven\MavenRepository\jakarta\xml\bind\jakarta.xml.bind-api\2.3.3\jakarta.xml.bind-api-2.3.3.jar;E:\Maven\MavenRepository\jakarta\activation\jakarta.activation-api\1.2.2\jakarta.activation-api-1.2.2.jar;E:\Maven\MavenRepository\org\assertj\assertj-core\3.16.1\assertj-core-3.16.1.jar;E:\Maven\MavenRepository\org\hamcrest\hamcrest\2.2\hamcrest-2.2.jar;E:\Maven\MavenRepository\org\junit\jupiter\junit-jupiter\5.6.2\junit-jupiter-5.6.2.jar;E:\Maven\MavenRepository\org\junit\jupiter\junit-jupiter-api\5.6.2\junit-jupiter-api-5.6.2.jar;E:\Maven\MavenRepository\org\apiguardian\apiguardian-api\1.1.0\apiguardian-api-1.1.0.jar;E:\Maven\MavenRepository\org\opentest4j\opentest4j\1.2.0\opentest4j-1.2.0.jar;E:\Maven\MavenRepository\org\junit\platform\junit-platform-commons\1.6.2\junit-platform-commons-1.6.2.jar;E:\Maven\MavenRepository\org\junit\jupiter\junit-jupiter-params\5.6.2\junit-jupiter-params-5.6.2.jar;E:\Maven\MavenRepository\org\junit\jupiter\junit-jupiter-engine\5.6.2\junit-jupiter-engine-5.6.2.jar;E:\Maven\MavenRepository\org\junit\platform\junit-platform-engine\1.6.2\junit-platform-engine-1.6.2.jar;E:\Maven\MavenRepository\org\mockito\mockito-core\3.3.3\mockito-core-3.3.3.jar;E:\Maven\MavenRepository\net\bytebuddy\byte-buddy\1.10.10\byte-buddy-1.10.10.jar;E:\Maven\MavenRepository\net\bytebuddy\byte-buddy-agent\1.10.10\byte-buddy-agent-1.10.10.jar;E:\Maven\MavenRepository\org\objenesis\objenesis\2.6\objenesis-2.6.jar;E:\Maven\MavenRepository\org\mockito\mockito-junit-jupiter\3.3.3\mockito-junit-jupiter-3.3.3.jar;E:\Maven\MavenRepository\org\skyscreamer\jsonassert\1.5.0\jsonassert-1.5.0.jar;E:\Maven\MavenRepository\com\vaadin\external\google\android-json\0.0.20131108.vaadin1\android-json-0.0.20131108.vaadin1.jar;E:\Maven\MavenRepository\org\springframework\spring-core\5.2.6.RELEASE\spring-core-5.2.6.RELEASE.jar;E:\Maven\MavenRepository\org\springframework\spring-jcl\5.2.6.RELEASE\spring-jcl-5.2.6.RELEASE.jar;E:\Maven\MavenRepository\org\springframework\spring-test\5.2.6.RELEASE\spring-test-5.2.6.RELEASE.jar;E:\Maven\MavenRepository\org\xmlunit\xmlunit-core\2.7.0\xmlunit-core-2.7.0.jar;E:\Maven\MavenRepository\org\apache\tomcat\embed\tomcat-embed-jasper\9.0.35\tomcat-embed-jasper-9.0.35.jar;E:\Maven\MavenRepository\org\apache\tomcat\embed\tomcat-embed-core\9.0.35\tomcat-embed-core-9.0.35.jar;E:\Maven\MavenRepository\org\apache\tomcat\tomcat-annotations-api\9.0.35\tomcat-annotations-api-9.0.35.jar;E:\Maven\MavenRepository\org\apache\tomcat\embed\tomcat-embed-el\9.0.35\tomcat-embed-el-9.0.35.jar;E:\Maven\MavenRepository\org\eclipse\jdt\ecj\3.18.0\ecj-3.18.0.jar;E:\Maven\MavenRepository\org\springframework\boot\spring-boot-devtools\2.3.0.RELEASE\spring-boot-devtools-2.3.0.RELEASE.jar;E:\Maven\MavenRepository\org\springframework\boot\spring-boot-starter-data-jpa\2.3.0.RELEASE\spring-boot-starter-data-jpa-2.3.0.RELEASE.jar;E:\Maven\MavenRepository\org\springframework\boot\spring-boot-starter-aop\2.3.0.RELEASE\spring-boot-starter-aop-2.3.0.RELEASE.jar;E:\Maven\MavenRepository\org\aspectj\aspectjweaver\1.9.5\aspectjweaver-1.9.5.jar;E:\Maven\MavenRepository\org\springframework\boot\spring-boot-starter-jdbc\2.3.0.RELEASE\spring-boot-starter-jdbc-2.3.0.RELEASE.jar;E:\Maven\MavenRepository\com\zaxxer\HikariCP\3.4.5\HikariCP-3.4.5.jar;E:\Maven\MavenRepository\org\springframework\spring-jdbc\5.2.6.RELEASE\spring-jdbc-5.2.6.RELEASE.jar;E:\Maven\MavenRepository\jakarta\transaction\jakarta.transaction-api\1.3.3\jakarta.transaction-api-1.3.3.jar;E:\Maven\MavenRepository\jakarta\persistence\jakarta.persistence-api\2.2.3\jakarta.persistence-api-2.2.3.jar;E:\Maven\MavenRepository\org\hibernate\hibernate-core\5.4.15.Final\hibernate-core-5.4.15.Final.jar;E:\Maven\MavenRepository\org\jboss\logging\jboss-logging\3.4.1.Final\jboss-logging-3.4.1.Final.jar;E:\Maven\MavenRepository\org\javassist\javassist\3.24.0-GA\javassist-3.24.0-GA.jar;E:\Maven\MavenRepository\antlr\antlr\2.7.7\antlr-2.7.7.jar;E:\Maven\MavenRepository\org\jboss\jandex\2.1.3.Final\jandex-2.1.3.Final.jar;E:\Maven\MavenRepository\com\fasterxml\classmate\1.5.1\classmate-1.5.1.jar;E:\Maven\MavenRepository\org\dom4j\dom4j\2.1.3\dom4j-2.1.3.jar;E:\Maven\MavenRepository\org\hibernate\common\hibernate-commons-annotations\5.1.0.Final\hibernate-commons-annotations-5.1.0.Final.jar;E:\Maven\MavenRepository\org\glassfish\jaxb\jaxb-runtime\2.3.3\jaxb-runtime-2.3.3.jar;E:\Maven\MavenRepository\org\glassfish\jaxb\txw2\2.3.3\txw2-2.3.3.jar;E:\Maven\MavenRepository\com\sun\istack\istack-commons-runtime\3.0.11\istack-commons-runtime-3.0.11.jar;E:\Maven\MavenRepository\com\sun\activation\jakarta.activation\1.2.2\jakarta.activation-1.2.2.jar;E:\Maven\MavenRepository\org\springframework\spring-aspects\5.2.6.RELEASE\spring-aspects-5.2.6.RELEASE.jar;E:\Maven\MavenRepository\org\springframework\boot\spring-boot-starter-thymeleaf\2.3.0.RELEASE\spring-boot-starter-thymeleaf-2.3.0.RELEASE.jar;E:\Maven\MavenRepository\org\thymeleaf\thymeleaf-spring5\3.0.11.RELEASE\thymeleaf-spring5-3.0.11.RELEASE.jar;E:\Maven\MavenRepository\org\thymeleaf\thymeleaf\3.0.11.RELEASE\thymeleaf-3.0.11.RELEASE.jar;E:\Maven\MavenRepository\org\attoparser\attoparser\2.0.5.RELEASE\attoparser-2.0.5.RELEASE.jar;E:\Maven\MavenRepository\org\unbescape\unbescape\1.1.6.RELEASE\unbescape-1.1.6.RELEASE.jar;E:\Maven\MavenRepository\org\thymeleaf\extras\thymeleaf-extras-java8time\3.0.4.RELEASE\thymeleaf-extras-java8time-3.0.4.RELEASE.jar;E:\Maven\MavenRepository\org\springframework\boot\spring-boot\2.3.0.RELEASE\spring-boot-2.3.0.RELEASE.jar;E:\Maven\MavenRepository\org\springframework\spring-context\5.2.6.RELEASE\spring-context-5.2.6.RELEASE.jar;E:\Maven\MavenRepository\org\springframework\boot\spring-boot-maven-plugin\2.3.0.RELEASE\spring-boot-maven-plugin-2.3.0.RELEASE.jar;E:\Maven\MavenRepository\org\springframework\boot\spring-boot-buildpack-platform\2.3.0.RELEASE\spring-boot-buildpack-platform-2.3.0.RELEASE.jar;E:\Maven\MavenRepository\net\java\dev\jna\jna-platform\5.5.0\jna-platform-5.5.0.jar;E:\Maven\MavenRepository\net\java\dev\jna\jna\5.5.0\jna-5.5.0.jar;E:\Maven\MavenRepository\org\apache\commons\commons-compress\1.19\commons-compress-1.19.jar;E:\Maven\MavenRepository\org\apache\httpcomponents\httpclient\4.5.12\httpclient-4.5.12.jar;E:\Maven\MavenRepository\org\apache\httpcomponents\httpcore\4.4.13\httpcore-4.4.13.jar;E:\Maven\MavenRepository\commons-codec\commons-codec\1.14\commons-codec-1.14.jar;E:\Maven\MavenRepository\org\springframework\boot\spring-boot-loader-tools\2.3.0.RELEASE\spring-boot-loader-tools-2.3.0.RELEASE.jar;E:\Maven\MavenRepository\org\apache\maven\shared\maven-common-artifact-filters\3.1.0\maven-common-artifact-filters-3.1.0.jar;E:\Maven\MavenRepository\org\apache\maven\maven-artifact\3.0\maven-artifact-3.0.jar;E:\Maven\MavenRepository\org\apache\maven\maven-model\3.0\maven-model-3.0.jar;E:\Maven\MavenRepository\org\apache\maven\maven-core\3.0\maven-core-3.0.jar;E:\Maven\MavenRepository\org\apache\maven\maven-settings\3.0\maven-settings-3.0.jar;E:\Maven\MavenRepository\org\apache\maven\maven-settings-builder\3.0\maven-settings-builder-3.0.jar;E:\Maven\MavenRepository\org\apache\maven\maven-repository-metadata\3.0\maven-repository-metadata-3.0.jar;E:\Maven\MavenRepository\org\apache\maven\maven-model-builder\3.0\maven-model-builder-3.0.jar;E:\Maven\MavenRepository\org\apache\maven\maven-aether-provider\3.0\maven-aether-provider-3.0.jar;E:\Maven\MavenRepository\org\sonatype\aether\aether-impl\1.7\aether-impl-1.7.jar;E:\Maven\MavenRepository\org\sonatype\aether\aether-spi\1.7\aether-spi-1.7.jar;E:\Maven\MavenRepository\org\sonatype\aether\aether-api\1.7\aether-api-1.7.jar;E:\Maven\MavenRepository\org\sonatype\aether\aether-util\1.7\aether-util-1.7.jar;E:\Maven\MavenRepository\org\codehaus\plexus\plexus-interpolation\1.14\plexus-interpolation-1.14.jar;E:\Maven\MavenRepository\org\codehaus\plexus\plexus-component-annotations\1.5.5\plexus-component-annotations-1.5.5.jar;E:\Maven\MavenRepository\org\sonatype\plexus\plexus-sec-dispatcher\1.3\plexus-sec-dispatcher-1.3.jar;E:\Maven\MavenRepository\org\sonatype\plexus\plexus-cipher\1.4\plexus-cipher-1.4.jar;E:\Maven\MavenRepository\org\sonatype\sisu\sisu-inject-plexus\1.4.2\sisu-inject-plexus-1.4.2.jar;E:\Maven\MavenRepository\org\sonatype\sisu\sisu-inject-bean\1.4.2\sisu-inject-bean-1.4.2.jar;E:\Maven\MavenRepository\org\sonatype\sisu\sisu-guice\2.1.7\sisu-guice-2.1.7-noaop.jar;E:\Maven\MavenRepository\org\apache\maven\shared\maven-shared-utils\3.1.0\maven-shared-utils-3.1.0.jar;E:\Maven\MavenRepository\commons-io\commons-io\2.5\commons-io-2.5.jar;E:\Maven\MavenRepository\org\apache\maven\maven-plugin-api\3.6.3\maven-plugin-api-3.6.3.jar;E:\Maven\MavenRepository\org\eclipse\sisu\org.eclipse.sisu.plexus\0.3.4\org.eclipse.sisu.plexus-0.3.4.jar;E:\Maven\MavenRepository\javax\enterprise\cdi-api\1.0\cdi-api-1.0.jar;E:\Maven\MavenRepository\javax\annotation\jsr250-api\1.0\jsr250-api-1.0.jar;E:\Maven\MavenRepository\javax\inject\javax.inject\1\javax.inject-1.jar;E:\Maven\MavenRepository\org\eclipse\sisu\org.eclipse.sisu.inject\0.3.4\org.eclipse.sisu.inject-0.3.4.jar;E:\Maven\MavenRepository\org\codehaus\plexus\plexus-utils\3.2.1\plexus-utils-3.2.1.jar;E:\Maven\MavenRepository\org\codehaus\plexus\plexus-classworlds\2.6.0\plexus-classworlds-2.6.0.jar;E:\Maven\MavenRepository\org\sonatype\plexus\plexus-build-api\0.0.7\plexus-build-api-0.0.7.jar;E:\Maven\MavenRepository\org\springframework\boot\spring-boot-autoconfigure\2.3.0.RELEASE\spring-boot-autoconfigure-2.3.0.RELEASE.jar;E:\Maven\MavenRepository\org\springframework\data\spring-data-jpa\2.3.0.RELEASE\spring-data-jpa-2.3.0.RELEASE.jar;E:\Maven\MavenRepository\org\springframework\data\spring-data-commons\2.3.0.RELEASE\spring-data-commons-2.3.0.RELEASE.jar;E:\Maven\MavenRepository\org\springframework\spring-orm\5.2.6.RELEASE\spring-orm-5.2.6.RELEASE.jar;E:\Maven\MavenRepository\org\springframework\spring-aop\5.2.6.RELEASE\spring-aop-5.2.6.RELEASE.jar;E:\Maven\MavenRepository\org\springframework\spring-tx\5.2.6.RELEASE\spring-tx-5.2.6.RELEASE.jar;E:\Maven\MavenRepository\org\springframework\spring-beans\5.2.6.RELEASE\spring-beans-5.2.6.RELEASE.jar;E:\Maven\MavenRepository\org\aspectj\aspectjrt\1.9.5\aspectjrt-1.9.5.jar;E:\Maven\MavenRepository\org\slf4j\slf4j-api\1.7.30\slf4j-api-1.7.30.jar;"/>
    <property name="sun.cpu.endian" value="little"/>
    <property name="user.home" value="C:\Users\123"/>
    <property name="user.language" value="zh"/>
    <property name="java.specification.vendor" value="Oracle Corporation"/>
    <property name="java.version.date" value="2020-04-14"/>
    <property name="java.home" value="C:\Program Files\Java\jdk-14.0.1"/>
    <property name="file.separator" value="\"/>
    <property name="basedir" value="E:\IDEA Test\SMH"/>
    <property name="java.vm.compressedOopsMode" value="32-bit"/>
    <property name="line.separator" value="&#10;"/>
    <property name="java.vm.specification.vendor" value="Oracle Corporation"/>
    <property name="java.specification.name" value="Java Platform API Specification"/>
    <property name="idea.version2020.1.1" value="true"/>
    <property name="surefire.real.class.path" value="C:\Users\123\AppData\Local\Temp\surefire10301844468685278321\surefirebooter11526620009598800612.jar"/>
    <property name="user.script" value=""/>
    <property name="sun.management.compiler" value="HotSpot 64-Bit Tiered Compilers"/>
    <property name="java.runtime.version" value="14.0.1+7"/>
    <property name="user.name" value="123"/>
    <property name="path.separator" value=";"/>
    <property name="os.version" value="10.0"/>
    <property name="java.runtime.name" value="Java(TM) SE Runtime Environment"/>
    <property name="file.encoding" value="GBK"/>
    <property name="java.vm.name" value="Java HotSpot(TM) 64-Bit Server VM"/>
    <property name="localRepository" value="E:\Maven\MavenRepository"/>
    <property name="java.vendor.url.bug" value="https://bugreport.java.com/bugreport/"/>
    <property name="java.io.tmpdir" value="C:\Users\123\AppData\Local\Temp\"/>
    <property name="java.version" value="14.0.1"/>
    <property name="user.dir" value="E:\IDEA Test\SMH"/>
    <property name="os.arch" value="amd64"/>
    <property name="java.vm.specification.name" value="Java Virtual Machine Specification"/>
    <property name="sun.os.patch.level" value=""/>
    <property name="java.library.path" value="C:\Program Files\Java\jdk-14.0.1\bin;C:\WINDOWS\Sun\Java\bin;C:\WINDOWS\system32;C:\WINDOWS;C:\Program Files\Java\jdk-14.0.1\bin;C:\Program Files\Java\jdk-14.0.1\jre\bin;E:\Maven\apache-maven-3.6.3\bin;C:\Program Files (x86)\Common Files\Intel\Shared Libraries\redist\intel64\compiler;C:\WINDOWS\system32;C:\WINDOWS;C:\WINDOWS\System32\Wbem;C:\WINDOWS\System32\WindowsPowerShell\v1.0\;C:\WINDOWS\System32\OpenSSH\;e:\SQL_Server(x86)\100\Tools\Binn\;e:\SQL_Server\100\Tools\Binn\;e:\SQL_Server\100\DTS\Binn\;C:\Program Files\Microsoft SQL Server\Client SDK\ODBC\130\Tools\Binn\;C:\Program Files (x86)\Microsoft SQL Server\140\Tools\Binn\;C:\Program Files\Microsoft SQL Server\140\Tools\Binn\;C:\Program Files\Microsoft SQL Server\140\DTS\Binn\;C:\Program Files (x86)\Microsoft SQL Server\Client SDK\ODBC\130\Tools\Binn\;C:\Program Files (x86)\Microsoft SQL Server\140\DTS\Binn\;C:\Program Files (x86)\Microsoft SQL Server\140\Tools\Binn\ManagementStudio\;E:\MySQL8.0\bin;E:\GitHub\Git\cmd;E:\GitHub\Git\bin;E:\Vue\;E:\Vue\node_global;C:\Program Files (x86)\NVIDIA Corporation\PhysX\Common;C:\Program Files\NVIDIA Corporation\NVIDIA NvDLISR;E:\QTP\bin;E:\VC++\Tools\WinNT;E:\VC++\MSDev98\Bin;E:\VC++\Tools;E:\Microsoft Visual Studio\VC98\bin;C:\Users\123\AppData\Local\Programs\Python\Python36-32\Scripts\;C:\Users\123\AppData\Local\Programs\Python\Python36-32\;E:\新vc++\Microsoft Visual Studio\Common\Tools\WinNT;E:\新vc++\Microsoft Visual Studio\Common\MSDev98\Bin;E:\新vc++\Microsoft Visual Studio\Common\Tools;E:\新vc++\Microsoft Visual Studio\VC98\bin;C:\WINDOWS\system32\config\systemprofile\AppData\Local\Microsoft\WindowsApps;E:\MySQL\bin;E:\Bandizip\;E:\Vue\node_global;E:\VSCode\Microsoft VS Code\bin;E:\TortoiseSVN\bin;E:\VisualSVN Server\bin;E:\TortoiseGit\bin;;E:\VSCode\Microsoft VS Code\bin;."/>
    <property name="java.vm.info" value="mixed mode, sharing"/>
    <property name="java.vendor" value="Oracle Corporation"/>
    <property name="java.vm.version" value="14.0.1+7"/>
    <property name="sun.io.unicode.encoding" value="UnicodeLittle"/>
    <property name="java.class.version" value="58.0"/>
  </properties>
  <testcase name="contextLoads" classname="com.example.secondhandmarket.SecondhandmarketApplicationTests" time="0.386"/>
</testsuite>